<?xml version="1.0" encoding="UTF-8" ?>
<testsuite tests="1" failures="0" name="CucumberTest" time="20.655" errors="1" skipped="0">
  <properties>
[...]
</properties>
  <testcase classname="Client sign up" name="client sign up successfully" time="20.655">
    <error message="Could not start a new session. Possible causes are invalid address of the remote server or browser start-up failure. 
Host info: host: &apos;MacBook-Pro-de-usuario-2.local&apos;, ip: &apos;fe80:0:0:0:cf8:cc2:6443:b781%en0&apos;" type="org.openqa.selenium.SessionNotCreatedException">org.openqa.selenium.SessionNotCreatedException: Could not start a new session. Possible causes are invalid address of the remote server or browser start-up failure. 
Host info: host: &apos;MacBook-Pro-de-usuario-2.local&apos;, ip: &apos;fe80:0:0:0:cf8:cc2:6443:b781%en0&apos;
	at org.openqa.selenium.remote.RemoteWebDriver.execute(RemoteWebDriver.java:561)
	at org.openqa.selenium.remote.RemoteWebDriver.startSession(RemoteWebDriver.java:229)
	at org.openqa.selenium.remote.RemoteWebDriver.&lt;init&gt;(RemoteWebDriver.java:157)
	at org.openqa.selenium.chromium.ChromiumDriver.&lt;init&gt;(ChromiumDriver.java:101)
	at org.openqa.selenium.chrome.ChromeDriver.&lt;init&gt;(ChromeDriver.java:82)
	at org.openqa.selenium.chrome.ChromeDriver.&lt;init&gt;(ChromeDriver.java:50)
	at stepdefinitions.SingUpStepDef.clientWantsToHaveAnAccount(SingUpStepDef.java:15)
	at ✽.Client wants to have an account(file:///Users/jessicalizrodriguezmendez/Documents/selenium-framework-poc/src/test/resources/features/singup.feature:5)
Caused by: org.openqa.selenium.WebDriverException: Timed out waiting for driver process to start.
Build info: version: &apos;4.8.1&apos;, revision: &apos;8ebccac989&apos;
System info: os.name: &apos;Mac OS X&apos;, os.arch: &apos;x86_64&apos;, os.version: &apos;12.3&apos;, java.version: &apos;18.0.2&apos;
Driver info: driver.version: ChromeDriver
	at org.openqa.selenium.remote.service.DriverService.start(DriverService.java:218)
	at org.openqa.selenium.remote.service.DriverCommandExecutor.execute(DriverCommandExecutor.java:98)
	at org.openqa.selenium.remote.RemoteWebDriver.execute(RemoteWebDriver.java:543)
	at org.openqa.selenium.remote.RemoteWebDriver.startSession(RemoteWebDriver.java:229)
	at org.openqa.selenium.remote.RemoteWebDriver.&lt;init&gt;(RemoteWebDriver.java:157)
	at org.openqa.selenium.chromium.ChromiumDriver.&lt;init&gt;(ChromiumDriver.java:101)
	at org.openqa.selenium.chrome.ChromeDriver.&lt;init&gt;(ChromeDriver.java:82)
	at org.openqa.selenium.chrome.ChromeDriver.&lt;init&gt;(ChromeDriver.java:50)
	at stepdefinitions.SingUpStepDef.clientWantsToHaveAnAccount(SingUpStepDef.java:15)
	at java.base/jdk.internal.reflect.DirectMethodHandleAccessor.invoke(DirectMethodHandleAccessor.java:104)
	at java.base/java.lang.reflect.Method.invoke(Method.java:577)
	at io.cucumber.java.Invoker.doInvoke(Invoker.java:66)
	at io.cucumber.java.Invoker.invoke(Invoker.java:24)
	at io.cucumber.java.AbstractGlueDefinition.invokeMethod(AbstractGlueDefinition.java:47)
	at io.cucumber.java.JavaStepDefinition.execute(JavaStepDefinition.java:29)
	at io.cucumber.core.runner.CoreStepDefinition.execute(CoreStepDefinition.java:66)
	at io.cucumber.core.runner.PickleStepDefinitionMatch.runStep(PickleStepDefinitionMatch.java:63)
	at io.cucumber.core.runner.ExecutionMode$1.execute(ExecutionMode.java:10)
	at io.cucumber.core.runner.TestStep.executeStep(TestStep.java:84)
	at io.cucumber.core.runner.TestStep.run(TestStep.java:56)
	at io.cucumber.core.runner.PickleStepTestStep.run(PickleStepTestStep.java:51)
	at io.cucumber.core.runner.TestCase.run(TestCase.java:84)
	at io.cucumber.core.runner.Runner.runPickle(Runner.java:75)
	at io.cucumber.junit.PickleRunners$NoStepDescriptions.lambda$run$0(PickleRunners.java:151)
	at io.cucumber.core.runtime.CucumberExecutionContext.lambda$runTestCase$5(CucumberExecutionContext.java:130)
	at io.cucumber.core.runtime.RethrowingThrowableCollector.executeAndThrow(RethrowingThrowableCollector.java:23)
	at io.cucumber.core.runtime.CucumberExecutionContext.runTestCase(CucumberExecutionContext.java:130)
	at io.cucumber.junit.PickleRunners$NoStepDescriptions.run(PickleRunners.java:148)
	at io.cucumber.junit.FeatureRunner.runChild(FeatureRunner.java:144)
	at io.cucumber.junit.FeatureRunner.runChild(FeatureRunner.java:28)
	at org.junit.runners.ParentRunner$4.run(ParentRunner.java:331)
	at org.junit.runners.ParentRunner$1.schedule(ParentRunner.java:79)
	at org.junit.runners.ParentRunner.runChildren(ParentRunner.java:329)
	at org.junit.runners.ParentRunner.access$100(ParentRunner.java:66)
	at org.junit.runners.ParentRunner$2.evaluate(ParentRunner.java:293)
	at org.junit.runners.ParentRunner$3.evaluate(ParentRunner.java:306)
	at org.junit.runners.ParentRunner.run(ParentRunner.java:413)
	at io.cucumber.junit.FeatureRunner.run(FeatureRunner.java:137)
	at io.cucumber.junit.Cucumber.runChild(Cucumber.java:196)
	at io.cucumber.junit.Cucumber.runChild(Cucumber.java:89)
	at org.junit.runners.ParentRunner$4.run(ParentRunner.java:331)
	at org.junit.runners.ParentRunner$1.schedule(ParentRunner.java:79)
	at org.junit.runners.ParentRunner.runChildren(ParentRunner.java:329)
	at org.junit.runners.ParentRunner.access$100(ParentRunner.java:66)
	at org.junit.runners.ParentRunner$2.evaluate(ParentRunner.java:293)
	at io.cucumber.junit.Cucumber$RunBeforeAllHooks.evaluate(Cucumber.java:266)
	at io.cucumber.junit.Cucumber$RunAfterAllHooks.evaluate(Cucumber.java:281)
	at io.cucumber.junit.Cucumber$StartTestRun.evaluate(Cucumber.java:233)
	at io.cucumber.junit.Cucumber$FinishTestRun.evaluate(Cucumber.java:248)
	at org.junit.runners.ParentRunner$3.evaluate(ParentRunner.java:306)
	at org.junit.runners.ParentRunner.run(ParentRunner.java:413)
	at org.apache.maven.surefire.junit4.JUnit4Provider.execute(JUnit4Provider.java:252)
	at org.apache.maven.surefire.junit4.JUnit4Provider.executeTestSet(JUnit4Provider.java:141)
	at org.apache.maven.surefire.junit4.JUnit4Provider.invoke(JUnit4Provider.java:112)
	at java.base/jdk.internal.reflect.DirectMethodHandleAccessor.invoke(DirectMethodHandleAccessor.java:104)
	at java.base/java.lang.reflect.Method.invoke(Method.java:577)
	at org.apache.maven.surefire.util.ReflectionUtils.invokeMethodWithArray(ReflectionUtils.java:189)
	at org.apache.maven.surefire.booter.ProviderFactory$ProviderProxy.invoke(ProviderFactory.java:165)
	at org.apache.maven.surefire.booter.ProviderFactory.invokeProvider(ProviderFactory.java:85)
	at org.apache.maven.surefire.booter.ForkedBooter.runSuitesInProcess(ForkedBooter.java:115)
	at org.apache.maven.surefire.booter.ForkedBooter.main(ForkedBooter.java:75)
</error>
  </testcase>
</testsuite>